POST /api/auth/register 201 42 - 1722.065 ms
POST /api/auth/login 200 201 - 432.442 ms
GET /api/auth/getAllUser 200 1131 - 67.934 ms
GET /api/auth/getAllUser 200 1131 - 11.654 ms
GET /api/auth/getAllUser 200 1131 - 74.799 ms
GET /api/auth/errorTest 500 1326 - 23.264 ms
GET /api/auth/errorTest 500 1326 - 22.734 ms
GET /api/auth/errorTest 500 1326 - 12.000 ms
GET /api/auth/errorTest 500 1326 - 20.239 ms
GET /api/auth/errorTest 500 1326 - 20.604 ms
GET /api/auth/errorTest 500 1326 - 12.405 ms
GET /api/auth/errorTest 500 1326 - 12.124 ms
GET /api/auth/errorTest 500 35 - 41.346 ms
GET /api/auth/users 404 153 - 14.717 ms
GET /api/auth/userss 404 154 - 6.961 ms
GET /api/auth/userss 404 154 - 11.743 ms
GET /api/auth/userss 404 154 - 5.228 ms
GET /api/auth/userss 404 154 - 11.120 ms
GET /api/auth/userss 404 154 - 11.552 ms
GET /api/auth/getAllUser 400 46 - 10.861 ms
GET /api/auth/getAllUser 500 82 - 1125.988 ms
GET /api/auth/getAllUser 500 82 - 609.730 ms
GET /api/auth/getAllUser 500 82 - 98.826 ms
GET /api/auth/getAllUser 500 35 - 574.264 ms
GET /api/auth/getAllUser 500 82 - 320.691 ms
GET /api/auth/getAllUser - - - - ms
GET /api/auth/getAllUser 500 35 - 380.946 ms
POST /api/auth/register 500 35 - 37.061 ms
POST /api/auth/register 500 35 - 446.957 ms
POST /api/auth/register 201 42 - 470.467 ms
POST /api/auth/register 201 42 - 1460.589 ms
POST /api/auth/register 201 42 - 976.060 ms
POST /api/auth/login 200 202 - 380.200 ms
POST /api/auth/login 500 35 - 114.948 ms
POST /api/auth/login 500 35 - 65.463 ms
POST /api/auth/login 500 35 - 245.266 ms
POST /api/auth/register 201 42 - 1443.803 ms
POST /api/auth/login 500 35 - 454.899 ms
POST /api/auth/login 500 35 - 212.251 ms
POST /api/auth/login 500 35 - 182.198 ms
POST /api/auth/login 400 33 - 300.423 ms
POST /api/auth/login 500 35 - 313.853 ms
GET / 404 139 - 16.938 ms
POST /api/auth/login 500 35 - 206.609 ms
POST /api/auth/login 500 35 - 134.340 ms
POST /api/auth/login 500 35 - 50.213 ms
POST /api/auth/login 200 202 - 785.892 ms
POST /api/auth/login 500 35 - 153.269 ms
POST /api/auth/login 200 202 - 684.062 ms
POST /api/auth/login 200 202 - 670.213 ms
POST /api/auth/login 500 35 - 165.673 ms
POST /api/auth/login 200 202 - 646.507 ms
GET /api/auth/getAllUser 200 1992 - 19.895 ms
GET /api/auth/getAllUser 200 2102 - 19.543 ms
POST /api/auth/register 500 35 - 6469.261 ms
POST /api/auth/register 500 35 - 477.852 ms
POST /api/auth/register 500 35 - 640.481 ms
POST /api/auth/register 500 35 - 3728.942 ms
POST /api/auth/register 201 42 - 5970.442 ms
POST /api/auth/register 500 35 - 713.079 ms
POST /api/auth/register 201 42 - 3066.228 ms
POST /api/auth/register 201 42 - 2684.719 ms
POST /api/auth/register 201 42 - 4725.827 ms
POST /api/auth/register 201 42 - 3134.675 ms
POST /api/auth/register 201 42 - 3853.674 ms
POST /api/auth/register 201 42 - 4002.668 ms
POST /api/auth/register 201 42 - 3717.334 ms
POST /api/auth/register 201 42 - 3888.699 ms
POST /api/auth/register 201 42 - 4901.581 ms
POST /api/auth/register 201 42 - 1518.339 ms
POST /api/auth/register 201 42 - 592.875 ms
POST /api/auth/register 500 35 - 1350.454 ms
POST /api/auth/register 500 35 - 416.709 ms
POST /api/auth/register 500 35 - 316.337 ms
POST /api/auth/register 201 42 - 1186.353 ms
POST /api/auth/register 201 42 - 606.282 ms
POST /api/auth/register 500 35 - 483.148 ms
POST /api/auth/register 201 42 - 4137.213 ms
POST /api/auth/register 201 42 - 3855.087 ms
POST /api/auth/register 201 42 - 5889.939 ms
POST /api/auth/register 201 42 - 6435.866 ms
POST /api/auth/register 201 42 - 7342.071 ms
POST /api/auth//api/upload 200 27 - 9.914 ms
POST /api/auth/api/upload 200 282 - 58.856 ms
POST /api/auth/register 500 35 - 816.298 ms
POST /api/auth/register 201 42 - 8246.043 ms
POST /api/auth/register 201 42 - 8817.745 ms
POST /api/auth/register 201 42 - 7089.377 ms
POST /api/auth/register 500 35 - 378.337 ms
POST /api/auth/register 201 42 - 8622.516 ms
POST /api/auth/api/upload 400 30 - 12.470 ms
POST /api/auth/api/upload 400 30 - 1.537 ms
POST /api/auth/api/upload 400 30 - 1.484 ms
POST /api/auth/api/upload 400 30 - 1.005 ms
POST /api/auth/api/upload 200 282 - 71.828 ms
POST /api/auth/api/upload 404 159 - 12.549 ms
POST /api/auth/api/upload 404 159 - 14.215 ms
POST /api/auth/api/upload 500 35 - 101.791 ms
POST /api/auth/api/upload 200 282 - 84.977 ms
POST /api/auth/api/upload 200 243 - 160.229 ms
POST /api/auth/register 400 26 - 45.370 ms
POST /api/auth/register 201 42 - 8944.835 ms
POST /api/auth/register 201 42 - 8381.845 ms
GET /favicon.ico 404 150 - 5.471 ms
