 {"level":"info","message":"this is dummy message","timestamp":"2025-03-27 12:19:55"}
{"level":"error","message":"this is error message","timestamp":"2025-03-27 12:19:55"}
{"level":"warn","message":"this is dummy data","timestamp":"2025-03-27 12:19:55"}
{"level":"info","message":"this is dummy message","timestamp":"2025-03-27 12:21:18"}
{"level":"error","message":"this is error message","timestamp":"2025-03-27 12:21:18"}
{"level":"warn","message":"this is dummy data","timestamp":"2025-03-27 12:21:18"}
{"level":"info","message":"this is dummy message","timestamp":"2025-03-27 12:23:23"}
{"level":"error","message":"this is error message","timestamp":"2025-03-27 12:23:23"}
{"level":"warn","message":"this is dummy data","timestamp":"2025-03-27 12:23:23"}
{"level":"info","message":"this is dummy message","timestamp":"2025-03-27 12:23:31"}
{"level":"error","message":"this is error message","timestamp":"2025-03-27 12:23:31"}
{"level":"warn","message":"this is dummy data","timestamp":"2025-03-27 12:23:31"}
{"level":"info","message":"this is dummy message","timestamp":"2025-03-27 12:25:07"}
{"level":"error","message":"this is error message","timestamp":"2025-03-27 12:25:07"}
{"level":"warn","message":"this is dummy data","timestamp":"2025-03-27 12:25:07"}
{"level":"info","message":"this is dummy message","timestamp":"2025-03-27 13:30:49"}
{"level":"error","message":"this is error message","timestamp":"2025-03-27 13:30:49"}
{"level":"warn","message":"this is dummy data","timestamp":"2025-03-27 13:30:49"}
{"level":"info","message":"this is dummy message","timestamp":"2025-03-27 13:30:55"}
{"level":"error","message":"this is error message","timestamp":"2025-03-27 13:30:55"}
{"level":"warn","message":"this is dummy data","timestamp":"2025-03-27 13:30:55"}
{"level":"info","message":"this is dummy message","timestamp":"2025-03-27 13:33:58"}
{"level":"error","message":"this is error message","timestamp":"2025-03-27 13:33:58"}
{"level":"warn","message":"this is dummy data","timestamp":"2025-03-27 13:33:59"}
{"level":"info","message":"this is dummy message","timestamp":"2025-03-27 13:34:43"}
{"level":"error","message":"this is error message","timestamp":"2025-03-27 13:34:43"}
{"level":"warn","message":"this is dummy data","timestamp":"2025-03-27 13:34:43"}
{"level":"info","message":"this is dummy message","timestamp":"2025-03-27 13:34:53"}
{"level":"error","message":"this is error message","timestamp":"2025-03-27 13:34:53"}
{"level":"warn","message":"this is dummy data","timestamp":"2025-03-27 13:34:53"}
{"level":"info","message":"this is dummy message","timestamp":"2025-03-27 13:35:03"}
{"level":"error","message":"this is error message","timestamp":"2025-03-27 13:35:03"}
{"level":"warn","message":"this is dummy data","timestamp":"2025-03-27 13:35:03"}
{"level":"info","message":"this is dummy message","timestamp":"2025-03-27 13:35:07"}
{"level":"error","message":"this is error message","timestamp":"2025-03-27 13:35:07"}
{"level":"warn","message":"this is dummy data","timestamp":"2025-03-27 13:35:07"}
{"level":"info","message":"this is dummy message","timestamp":"2025-03-27 13:38:29"}
{"level":"error","message":"this is error message","timestamp":"2025-03-27 13:38:29"}
{"level":"warn","message":"this is dummy data","timestamp":"2025-03-27 13:38:29"}
{"level":"info","message":"this is dummy message","timestamp":"2025-03-27 13:38:47"}
{"level":"error","message":"this is error message","timestamp":"2025-03-27 13:38:47"}
{"level":"warn","message":"this is dummy data","timestamp":"2025-03-27 13:38:47"}
{"level":"info","message":"this is dummy message","timestamp":"2025-03-27 13:39:17"}
{"level":"error","message":"this is error message","timestamp":"2025-03-27 13:39:17"}
{"level":"warn","message":"this is dummy data","timestamp":"2025-03-27 13:39:17"}
{"level":"info","message":"this is dummy message","timestamp":"2025-03-27 13:39:24"}
{"level":"error","message":"this is error message","timestamp":"2025-03-27 13:39:24"}
{"level":"warn","message":"this is dummy data","timestamp":"2025-03-27 13:39:24"}
{"level":"info","message":"this is dummy message","timestamp":"2025-03-27 13:39:28"}
{"level":"error","message":"this is error message","timestamp":"2025-03-27 13:39:28"}
{"level":"warn","message":"this is dummy data","timestamp":"2025-03-27 13:39:28"}
{"level":"info","message":"this is dummy message","timestamp":"2025-03-27 13:39:32"}
{"level":"error","message":"this is error message","timestamp":"2025-03-27 13:39:32"}
{"level":"warn","message":"this is dummy data","timestamp":"2025-03-27 13:39:32"}
{"level":"info","message":"this is dummy message","timestamp":"2025-03-27 13:39:36"}
{"level":"error","message":"this is error message","timestamp":"2025-03-27 13:39:36"}
{"level":"warn","message":"this is dummy data","timestamp":"2025-03-27 13:39:36"}
{"level":"info","message":"this is dummy message","timestamp":"2025-03-27 13:40:17"}
{"level":"error","message":"this is error message","timestamp":"2025-03-27 13:40:17"}
{"level":"warn","message":"this is dummy data","timestamp":"2025-03-27 13:40:17"}
{"level":"info","message":"this is dummy message","timestamp":"2025-04-03 15:35:05"}
{"level":"error","message":"this is error message","timestamp":"2025-04-03 15:35:05"}
{"level":"warn","message":"this is dummy data","timestamp":"2025-04-03 15:35:05"}
{"level":"info","message":"this is dummy message","timestamp":"2025-04-09 14:30:57"}
{"level":"error","message":"this is error message","timestamp":"2025-04-09 14:30:57"}
{"level":"warn","message":"this is dummy data","timestamp":"2025-04-09 14:30:57"}
{"level":"info","message":"this is dummy message","timestamp":"2025-04-09 15:23:02"}
{"level":"error","message":"this is error message","timestamp":"2025-04-09 15:23:02"}
{"level":"warn","message":"this is dummy data","timestamp":"2025-04-09 15:23:02"}
{"level":"info","message":"this is dummy message","timestamp":"2025-04-09 16:42:39"}
{"level":"error","message":"this is error message","timestamp":"2025-04-09 16:42:39"}
{"level":"warn","message":"this is dummy data","timestamp":"2025-04-09 16:42:39"}
{"level":"info","message":"this is dummy message","timestamp":"2025-04-09 17:41:08"}
{"level":"error","message":"this is error message","timestamp":"2025-04-09 17:41:08"}
{"level":"warn","message":"this is dummy data","timestamp":"2025-04-09 17:41:08"}
{"level":"info","message":"this is dummy message","timestamp":"2025-04-09 17:44:47"}
{"level":"error","message":"this is error message","timestamp":"2025-04-09 17:44:47"}
{"level":"warn","message":"this is dummy data","timestamp":"2025-04-09 17:44:47"}
{"level":"info","message":"this is dummy message","timestamp":"2025-04-09 17:44:52"}
{"level":"error","message":"this is error message","timestamp":"2025-04-09 17:44:52"}
{"level":"warn","message":"this is dummy data","timestamp":"2025-04-09 17:44:52"}
{"level":"info","message":"this is dummy message","timestamp":"2025-04-09 17:44:56"}
{"level":"error","message":"this is error message","timestamp":"2025-04-09 17:44:56"}
{"level":"warn","message":"this is dummy data","timestamp":"2025-04-09 17:44:56"}
{"level":"info","message":"this is dummy message","timestamp":"2025-04-09 17:44:59"}
{"level":"error","message":"this is error message","timestamp":"2025-04-09 17:44:59"}
{"level":"warn","message":"this is dummy data","timestamp":"2025-04-09 17:44:59"}
{"level":"info","message":"this is dummy message","timestamp":"2025-04-09 17:48:25"}
{"level":"error","message":"this is error message","timestamp":"2025-04-09 17:48:25"}
{"level":"warn","message":"this is dummy data","timestamp":"2025-04-09 17:48:25"}
{"level":"info","message":"this is dummy message","timestamp":"2025-04-09 17:49:22"}
{"level":"error","message":"this is error message","timestamp":"2025-04-09 17:49:22"}
{"level":"warn","message":"this is dummy data","timestamp":"2025-04-09 17:49:22"}
{"level":"info","message":"this is dummy message","timestamp":"2025-04-09 17:54:06"}
{"level":"error","message":"this is error message","timestamp":"2025-04-09 17:54:06"}
{"level":"warn","message":"this is dummy data","timestamp":"2025-04-09 17:54:06"}
{"level":"info","message":"this is dummy message","timestamp":"2025-04-10 09:33:34"}
{"level":"error","message":"this is error message","timestamp":"2025-04-10 09:33:34"}
{"level":"warn","message":"this is dummy data","timestamp":"2025-04-10 09:33:34"}
{"level":"info","message":"this is dummy message","timestamp":"2025-04-10 09:37:43"}
{"level":"error","message":"this is error message","timestamp":"2025-04-10 09:37:43"}
{"level":"warn","message":"this is dummy data","timestamp":"2025-04-10 09:37:43"}
{"level":"info","message":"this is dummy message","timestamp":"2025-04-10 09:42:03"}
{"level":"error","message":"this is error message","timestamp":"2025-04-10 09:42:03"}
{"level":"warn","message":"this is dummy data","timestamp":"2025-04-10 09:42:03"}
{"level":"info","message":"this is dummy message","timestamp":"2025-04-10 09:50:27"}
{"level":"error","message":"this is error message","timestamp":"2025-04-10 09:50:27"}
{"level":"warn","message":"this is dummy data","timestamp":"2025-04-10 09:50:27"}
{"level":"info","message":"this is dummy message","timestamp":"2025-04-10 09:56:48"}
{"level":"error","message":"this is error message","timestamp":"2025-04-10 09:56:48"}
{"level":"warn","message":"this is dummy data","timestamp":"2025-04-10 09:56:48"}
{"level":"info","message":"this is dummy message","timestamp":"2025-04-10 09:59:34"}
{"level":"error","message":"this is error message","timestamp":"2025-04-10 09:59:34"}
{"level":"warn","message":"this is dummy data","timestamp":"2025-04-10 09:59:34"}
{"level":"info","message":"this is dummy message","timestamp":"2025-04-10 09:59:54"}
{"level":"error","message":"this is error message","timestamp":"2025-04-10 09:59:54"}
{"level":"warn","message":"this is dummy data","timestamp":"2025-04-10 09:59:54"}
{"level":"info","message":"this is dummy message","timestamp":"2025-04-10 10:09:22"}
{"level":"error","message":"this is error message","timestamp":"2025-04-10 10:09:22"}
{"level":"warn","message":"this is dummy data","timestamp":"2025-04-10 10:09:22"}
{"level":"info","message":"this is dummy message","timestamp":"2025-04-10 10:10:02"}
{"level":"error","message":"this is error message","timestamp":"2025-04-10 10:10:02"}
{"level":"warn","message":"this is dummy data","timestamp":"2025-04-10 10:10:02"}
{"level":"info","message":"this is dummy message","timestamp":"2025-04-10 10:10:06"}
{"level":"error","message":"this is error message","timestamp":"2025-04-10 10:10:06"}
{"level":"warn","message":"this is dummy data","timestamp":"2025-04-10 10:10:06"}
{"level":"info","message":"this is dummy message","timestamp":"2025-04-10 10:10:13"}
{"level":"error","message":"this is error message","timestamp":"2025-04-10 10:10:13"}
{"level":"warn","message":"this is dummy data","timestamp":"2025-04-10 10:10:13"}
{"level":"info","message":"this is dummy message","timestamp":"2025-04-10 10:10:24"}
{"level":"error","message":"this is error message","timestamp":"2025-04-10 10:10:24"}
{"level":"warn","message":"this is dummy data","timestamp":"2025-04-10 10:10:24"}
{"level":"info","message":"this is dummy message","timestamp":"2025-04-10 10:18:36"}
{"level":"error","message":"this is error message","timestamp":"2025-04-10 10:18:36"}
{"level":"warn","message":"this is dummy data","timestamp":"2025-04-10 10:18:36"}
{"level":"info","message":"this is dummy message","timestamp":"2025-04-10 10:18:45"}
{"level":"error","message":"this is error message","timestamp":"2025-04-10 10:18:45"}
{"level":"warn","message":"this is dummy data","timestamp":"2025-04-10 10:18:45"}
{"level":"info","message":"this is dummy message","timestamp":"2025-04-10 10:25:20"}
{"level":"error","message":"this is error message","timestamp":"2025-04-10 10:25:20"}
{"level":"warn","message":"this is dummy data","timestamp":"2025-04-10 10:25:20"}
{"level":"info","message":"this is dummy message","timestamp":"2025-04-10 10:25:41"}
{"level":"error","message":"this is error message","timestamp":"2025-04-10 10:25:41"}
{"level":"warn","message":"this is dummy data","timestamp":"2025-04-10 10:25:41"}
{"level":"info","message":"this is dummy message","timestamp":"2025-04-10 10:25:45"}
{"level":"error","message":"this is error message","timestamp":"2025-04-10 10:25:45"}
{"level":"warn","message":"this is dummy data","timestamp":"2025-04-10 10:25:45"}
{"level":"info","message":"this is dummy message","timestamp":"2025-04-10 10:25:49"}
{"level":"error","message":"this is error message","timestamp":"2025-04-10 10:25:49"}
{"level":"warn","message":"this is dummy data","timestamp":"2025-04-10 10:25:49"}
{"level":"info","message":"this is dummy message","timestamp":"2025-04-10 10:26:23"}
{"level":"error","message":"this is error message","timestamp":"2025-04-10 10:26:23"}
{"level":"warn","message":"this is dummy data","timestamp":"2025-04-10 10:26:23"}
{"level":"info","message":"this is dummy message","timestamp":"2025-04-10 10:30:32"}
{"level":"error","message":"this is error message","timestamp":"2025-04-10 10:30:32"}
{"level":"warn","message":"this is dummy data","timestamp":"2025-04-10 10:30:32"}
{"level":"info","message":"this is dummy message","timestamp":"2025-04-10 11:50:37"}
{"level":"error","message":"this is error message","timestamp":"2025-04-10 11:50:37"}
{"level":"warn","message":"this is dummy data","timestamp":"2025-04-10 11:50:37"}
{"level":"info","message":"this is dummy message","timestamp":"2025-04-10 12:21:48"}
{"level":"error","message":"this is error message","timestamp":"2025-04-10 12:21:48"}
{"level":"warn","message":"this is dummy data","timestamp":"2025-04-10 12:21:48"}
{"level":"info","message":"this is dummy message","timestamp":"2025-04-10 12:30:40"}
{"level":"error","message":"this is error message","timestamp":"2025-04-10 12:30:40"}
{"level":"warn","message":"this is dummy data","timestamp":"2025-04-10 12:30:40"}
{"level":"info","message":"this is dummy message","timestamp":"2025-04-10 12:31:01"}
{"level":"error","message":"this is error message","timestamp":"2025-04-10 12:31:01"}
{"level":"warn","message":"this is dummy data","timestamp":"2025-04-10 12:31:01"}
{"level":"info","message":"this is dummy message","timestamp":"2025-04-10 12:45:45"}
{"level":"error","message":"this is error message","timestamp":"2025-04-10 12:45:45"}
{"level":"warn","message":"this is dummy data","timestamp":"2025-04-10 12:45:45"}
{"level":"info","message":"this is dummy message","timestamp":"2025-04-10 12:45:54"}
{"level":"error","message":"this is error message","timestamp":"2025-04-10 12:45:54"}
{"level":"warn","message":"this is dummy data","timestamp":"2025-04-10 12:45:54"}
{"level":"info","message":"this is dummy message","timestamp":"2025-04-10 12:50:39"}
{"level":"error","message":"this is error message","timestamp":"2025-04-10 12:50:39"}
{"level":"warn","message":"this is dummy data","timestamp":"2025-04-10 12:50:39"}
{"level":"info","message":"this is dummy message","timestamp":"2025-04-10 12:50:48"}
{"level":"error","message":"this is error message","timestamp":"2025-04-10 12:50:48"}
{"level":"warn","message":"this is dummy data","timestamp":"2025-04-10 12:50:48"}
{"level":"info","message":"this is dummy message","timestamp":"2025-04-10 12:51:13"}
{"level":"error","message":"this is error message","timestamp":"2025-04-10 12:51:13"}
{"level":"warn","message":"this is dummy data","timestamp":"2025-04-10 12:51:13"}
{"level":"info","message":"this is dummy message","timestamp":"2025-04-10 12:51:16"}
{"level":"error","message":"this is error message","timestamp":"2025-04-10 12:51:16"}
{"level":"warn","message":"this is dummy data","timestamp":"2025-04-10 12:51:16"}
{"level":"info","message":"this is dummy message","timestamp":"2025-04-10 12:51:19"}
{"level":"error","message":"this is error message","timestamp":"2025-04-10 12:51:19"}
{"level":"warn","message":"this is dummy data","timestamp":"2025-04-10 12:51:19"}
{"level":"info","message":"this is dummy message","timestamp":"2025-04-10 12:51:37"}
{"level":"error","message":"this is error message","timestamp":"2025-04-10 12:51:37"}
{"level":"warn","message":"this is dummy data","timestamp":"2025-04-10 12:51:37"}
{"level":"info","message":"this is dummy message","timestamp":"2025-04-10 12:51:51"}
{"level":"error","message":"this is error message","timestamp":"2025-04-10 12:51:51"}
{"level":"warn","message":"this is dummy data","timestamp":"2025-04-10 12:51:51"}
{"level":"info","message":"this is dummy message","timestamp":"2025-04-10 12:52:12"}
{"level":"error","message":"this is error message","timestamp":"2025-04-10 12:52:12"}
{"level":"warn","message":"this is dummy data","timestamp":"2025-04-10 12:52:12"}
{"level":"info","message":"this is dummy message","timestamp":"2025-04-10 12:52:42"}
{"level":"error","message":"this is error message","timestamp":"2025-04-10 12:52:42"}
{"level":"warn","message":"this is dummy data","timestamp":"2025-04-10 12:52:42"}
{"level":"info","message":"this is dummy message","timestamp":"2025-04-10 12:53:15"}
{"level":"error","message":"this is error message","timestamp":"2025-04-10 12:53:15"}
{"level":"warn","message":"this is dummy data","timestamp":"2025-04-10 12:53:15"}
{"level":"info","message":"this is dummy message","timestamp":"2025-04-10 12:53:19"}
{"level":"error","message":"this is error message","timestamp":"2025-04-10 12:53:19"}
{"level":"warn","message":"this is dummy data","timestamp":"2025-04-10 12:53:19"}
{"level":"info","message":"this is dummy message","timestamp":"2025-04-10 12:53:22"}
{"level":"error","message":"this is error message","timestamp":"2025-04-10 12:53:22"}
{"level":"warn","message":"this is dummy data","timestamp":"2025-04-10 12:53:22"}
{"level":"info","message":"this is dummy message","timestamp":"2025-04-10 12:55:07"}
{"level":"error","message":"this is error message","timestamp":"2025-04-10 12:55:07"}
{"level":"warn","message":"this is dummy data","timestamp":"2025-04-10 12:55:07"}
{"level":"info","message":"this is dummy message","timestamp":"2025-04-10 12:55:12"}
{"level":"error","message":"this is error message","timestamp":"2025-04-10 12:55:12"}
{"level":"warn","message":"this is dummy data","timestamp":"2025-04-10 12:55:12"}
{"level":"info","message":"this is dummy message","timestamp":"2025-04-10 12:55:41"}
{"level":"error","message":"this is error message","timestamp":"2025-04-10 12:55:41"}
{"level":"warn","message":"this is dummy data","timestamp":"2025-04-10 12:55:41"}
{"level":"info","message":"this is dummy message","timestamp":"2025-04-10 12:55:48"}
{"level":"error","message":"this is error message","timestamp":"2025-04-10 12:55:48"}
{"level":"warn","message":"this is dummy data","timestamp":"2025-04-10 12:55:48"}
{"level":"info","message":"this is dummy message","timestamp":"2025-04-10 12:55:53"}
{"level":"error","message":"this is error message","timestamp":"2025-04-10 12:55:53"}
{"level":"warn","message":"this is dummy data","timestamp":"2025-04-10 12:55:53"}
{"level":"info","message":"this is dummy message","timestamp":"2025-04-10 12:55:59"}
{"level":"error","message":"this is error message","timestamp":"2025-04-10 12:55:59"}
{"level":"warn","message":"this is dummy data","timestamp":"2025-04-10 12:55:59"}
{"level":"info","message":"this is dummy message","timestamp":"2025-04-10 12:56:47"}
{"level":"error","message":"this is error message","timestamp":"2025-04-10 12:56:47"}
{"level":"warn","message":"this is dummy data","timestamp":"2025-04-10 12:56:47"}
{"level":"info","message":"this is dummy message","timestamp":"2025-04-10 12:56:59"}
{"level":"error","message":"this is error message","timestamp":"2025-04-10 12:56:59"}
{"level":"warn","message":"this is dummy data","timestamp":"2025-04-10 12:56:59"}
{"level":"info","message":"this is dummy message","timestamp":"2025-04-10 13:17:56"}
{"level":"error","message":"this is error message","timestamp":"2025-04-10 13:17:56"}
{"level":"warn","message":"this is dummy data","timestamp":"2025-04-10 13:17:56"}
{"level":"info","message":"this is dummy message","timestamp":"2025-04-10 14:30:18"}
{"level":"error","message":"this is error message","timestamp":"2025-04-10 14:30:18"}
{"level":"warn","message":"this is dummy data","timestamp":"2025-04-10 14:30:18"}
{"level":"info","message":"this is dummy message","timestamp":"2025-04-10 14:30:29"}
{"level":"error","message":"this is error message","timestamp":"2025-04-10 14:30:29"}
{"level":"warn","message":"this is dummy data","timestamp":"2025-04-10 14:30:29"}
{"level":"info","message":"this is dummy message","timestamp":"2025-04-10 14:31:07"}
{"level":"error","message":"this is error message","timestamp":"2025-04-10 14:31:07"}
{"level":"warn","message":"this is dummy data","timestamp":"2025-04-10 14:31:07"}
{"level":"info","message":"this is dummy message","timestamp":"2025-04-10 14:31:36"}
{"level":"error","message":"this is error message","timestamp":"2025-04-10 14:31:36"}
{"level":"warn","message":"this is dummy data","timestamp":"2025-04-10 14:31:36"}
{"level":"info","message":"this is dummy message","timestamp":"2025-04-10 14:35:02"}
{"level":"error","message":"this is error message","timestamp":"2025-04-10 14:35:02"}
{"level":"warn","message":"this is dummy data","timestamp":"2025-04-10 14:35:02"}
{"level":"info","message":"this is dummy message","timestamp":"2025-04-10 14:35:24"}
{"level":"error","message":"this is error message","timestamp":"2025-04-10 14:35:24"}
{"level":"warn","message":"this is dummy data","timestamp":"2025-04-10 14:35:24"}
{"level":"info","message":"this is dummy message","timestamp":"2025-04-10 14:35:56"}
{"level":"error","message":"this is error message","timestamp":"2025-04-10 14:35:56"}
{"level":"warn","message":"this is dummy data","timestamp":"2025-04-10 14:35:56"}
{"level":"info","message":"this is dummy message","timestamp":"2025-04-10 14:35:59"}
{"level":"error","message":"this is error message","timestamp":"2025-04-10 14:35:59"}
{"level":"warn","message":"this is dummy data","timestamp":"2025-04-10 14:35:59"}
{"level":"info","message":"this is dummy message","timestamp":"2025-04-10 14:36:02"}
{"level":"error","message":"this is error message","timestamp":"2025-04-10 14:36:02"}
{"level":"warn","message":"this is dummy data","timestamp":"2025-04-10 14:36:02"}
{"level":"info","message":"this is dummy message","timestamp":"2025-04-10 15:01:39"}
{"level":"error","message":"this is error message","timestamp":"2025-04-10 15:01:39"}
{"level":"warn","message":"this is dummy data","timestamp":"2025-04-10 15:01:39"}
{"level":"info","message":"this is dummy message","timestamp":"2025-04-10 15:01:46"}
{"level":"error","message":"this is error message","timestamp":"2025-04-10 15:01:46"}
{"level":"warn","message":"this is dummy data","timestamp":"2025-04-10 15:01:46"}
{"level":"info","message":"this is dummy message","timestamp":"2025-04-10 15:01:57"}
{"level":"error","message":"this is error message","timestamp":"2025-04-10 15:01:57"}
{"level":"warn","message":"this is dummy data","timestamp":"2025-04-10 15:01:57"}
{"level":"info","message":"this is dummy message","timestamp":"2025-04-10 15:02:04"}
{"level":"error","message":"this is error message","timestamp":"2025-04-10 15:02:04"}
{"level":"warn","message":"this is dummy data","timestamp":"2025-04-10 15:02:04"}
{"level":"info","message":"this is dummy message","timestamp":"2025-04-10 15:02:41"}
{"level":"error","message":"this is error message","timestamp":"2025-04-10 15:02:41"}
{"level":"warn","message":"this is dummy data","timestamp":"2025-04-10 15:02:41"}
{"level":"info","message":"this is dummy message","timestamp":"2025-04-10 15:02:46"}
{"level":"error","message":"this is error message","timestamp":"2025-04-10 15:02:46"}
{"level":"warn","message":"this is dummy data","timestamp":"2025-04-10 15:02:46"}
{"level":"info","message":"this is dummy message","timestamp":"2025-04-10 15:02:56"}
{"level":"error","message":"this is error message","timestamp":"2025-04-10 15:02:56"}
{"level":"warn","message":"this is dummy data","timestamp":"2025-04-10 15:02:56"}
{"level":"info","message":"this is dummy message","timestamp":"2025-04-10 15:03:07"}
{"level":"error","message":"this is error message","timestamp":"2025-04-10 15:03:07"}
{"level":"warn","message":"this is dummy data","timestamp":"2025-04-10 15:03:07"}
{"level":"info","message":"this is dummy message","timestamp":"2025-04-10 15:06:13"}
{"level":"error","message":"this is error message","timestamp":"2025-04-10 15:06:13"}
{"level":"warn","message":"this is dummy data","timestamp":"2025-04-10 15:06:13"}
{"level":"info","message":"this is dummy message","timestamp":"2025-04-10 15:06:21"}
{"level":"error","message":"this is error message","timestamp":"2025-04-10 15:06:21"}
{"level":"warn","message":"this is dummy data","timestamp":"2025-04-10 15:06:21"}
{"level":"info","message":"this is dummy message","timestamp":"2025-04-10 15:09:18"}
{"level":"error","message":"this is error message","timestamp":"2025-04-10 15:09:18"}
{"level":"warn","message":"this is dummy data","timestamp":"2025-04-10 15:09:18"}
{"level":"info","message":"this is dummy message","timestamp":"2025-04-10 15:10:30"}
{"level":"error","message":"this is error message","timestamp":"2025-04-10 15:10:30"}
{"level":"warn","message":"this is dummy data","timestamp":"2025-04-10 15:10:30"}
{"level":"info","message":"this is dummy message","timestamp":"2025-04-10 15:18:03"}
{"level":"error","message":"this is error message","timestamp":"2025-04-10 15:18:03"}
{"level":"warn","message":"this is dummy data","timestamp":"2025-04-10 15:18:03"}
{"level":"info","message":"this is dummy message","timestamp":"2025-04-10 15:18:12"}
{"level":"error","message":"this is error message","timestamp":"2025-04-10 15:18:12"}
{"level":"warn","message":"this is dummy data","timestamp":"2025-04-10 15:18:12"}
{"level":"info","message":"this is dummy message","timestamp":"2025-04-10 15:21:11"}
{"level":"error","message":"this is error message","timestamp":"2025-04-10 15:21:11"}
{"level":"warn","message":"this is dummy data","timestamp":"2025-04-10 15:21:11"}
{"level":"info","message":"this is dummy message","timestamp":"2025-04-10 15:21:30"}
{"level":"error","message":"this is error message","timestamp":"2025-04-10 15:21:30"}
{"level":"warn","message":"this is dummy data","timestamp":"2025-04-10 15:21:30"}
{"level":"info","message":"this is dummy message","timestamp":"2025-04-10 15:22:40"}
{"level":"error","message":"this is error message","timestamp":"2025-04-10 15:22:40"}
{"level":"warn","message":"this is dummy data","timestamp":"2025-04-10 15:22:40"}
{"level":"info","message":"this is dummy message","timestamp":"2025-04-10 15:22:44"}
{"level":"error","message":"this is error message","timestamp":"2025-04-10 15:22:44"}
{"level":"warn","message":"this is dummy data","timestamp":"2025-04-10 15:22:44"}
{"level":"info","message":"this is dummy message","timestamp":"2025-04-10 15:22:58"}
{"level":"error","message":"this is error message","timestamp":"2025-04-10 15:22:58"}
{"level":"warn","message":"this is dummy data","timestamp":"2025-04-10 15:22:58"}
{"level":"info","message":"this is dummy message","timestamp":"2025-04-10 15:23:06"}
{"level":"error","message":"this is error message","timestamp":"2025-04-10 15:23:06"}
{"level":"warn","message":"this is dummy data","timestamp":"2025-04-10 15:23:06"}
{"level":"info","message":"this is dummy message","timestamp":"2025-04-10 15:24:06"}
{"level":"error","message":"this is error message","timestamp":"2025-04-10 15:24:07"}
{"level":"warn","message":"this is dummy data","timestamp":"2025-04-10 15:24:07"}
{"level":"info","message":"this is dummy message","timestamp":"2025-04-10 15:24:10"}
{"level":"error","message":"this is error message","timestamp":"2025-04-10 15:24:10"}
{"level":"warn","message":"this is dummy data","timestamp":"2025-04-10 15:24:10"}
{"level":"info","message":"this is dummy message","timestamp":"2025-04-10 15:27:03"}
{"level":"error","message":"this is error message","timestamp":"2025-04-10 15:27:03"}
{"level":"warn","message":"this is dummy data","timestamp":"2025-04-10 15:27:03"}
{"level":"info","message":"this is dummy message","timestamp":"2025-04-10 15:27:11"}
{"level":"error","message":"this is error message","timestamp":"2025-04-10 15:27:11"}
{"level":"warn","message":"this is dummy data","timestamp":"2025-04-10 15:27:11"}
{"level":"info","message":"this is dummy message","timestamp":"2025-04-10 15:27:17"}
{"level":"error","message":"this is error message","timestamp":"2025-04-10 15:27:17"}
{"level":"warn","message":"this is dummy data","timestamp":"2025-04-10 15:27:17"}
{"level":"info","message":"this is dummy message","timestamp":"2025-04-10 15:37:52"}
{"level":"error","message":"this is error message","timestamp":"2025-04-10 15:37:52"}
{"level":"warn","message":"this is dummy data","timestamp":"2025-04-10 15:37:52"}
{"level":"info","message":"this is dummy message","timestamp":"2025-04-10 15:41:26"}
{"level":"error","message":"this is error message","timestamp":"2025-04-10 15:41:26"}
{"level":"warn","message":"this is dummy data","timestamp":"2025-04-10 15:41:26"}
{"level":"info","message":"this is dummy message","timestamp":"2025-04-10 16:16:20"}
{"level":"error","message":"this is error message","timestamp":"2025-04-10 16:16:20"}
{"level":"warn","message":"this is dummy data","timestamp":"2025-04-10 16:16:20"}
{"level":"info","message":"this is dummy message","timestamp":"2025-04-10 16:16:49"}
{"level":"error","message":"this is error message","timestamp":"2025-04-10 16:16:49"}
{"level":"warn","message":"this is dummy data","timestamp":"2025-04-10 16:16:49"}
{"level":"info","message":"this is dummy message","timestamp":"2025-04-10 16:16:53"}
{"level":"error","message":"this is error message","timestamp":"2025-04-10 16:16:53"}
{"level":"warn","message":"this is dummy data","timestamp":"2025-04-10 16:16:53"}
{"level":"info","message":"this is dummy message","timestamp":"2025-04-10 16:17:12"}
{"level":"error","message":"this is error message","timestamp":"2025-04-10 16:17:12"}
{"level":"warn","message":"this is dummy data","timestamp":"2025-04-10 16:17:12"}
{"level":"info","message":"this is dummy message","timestamp":"2025-04-10 16:39:06"}
{"level":"error","message":"this is error message","timestamp":"2025-04-10 16:39:06"}
{"level":"warn","message":"this is dummy data","timestamp":"2025-04-10 16:39:06"}
{"level":"info","message":"this is dummy message","timestamp":"2025-04-10 16:44:42"}
{"level":"error","message":"this is error message","timestamp":"2025-04-10 16:44:42"}
{"level":"warn","message":"this is dummy data","timestamp":"2025-04-10 16:44:42"}
{"level":"info","message":"this is dummy message","timestamp":"2025-04-10 16:46:05"}
{"level":"error","message":"this is error message","timestamp":"2025-04-10 16:46:05"}
{"level":"warn","message":"this is dummy data","timestamp":"2025-04-10 16:46:05"}
{"level":"info","message":"this is dummy message","timestamp":"2025-04-10 16:51:41"}
{"level":"error","message":"this is error message","timestamp":"2025-04-10 16:51:41"}
{"level":"warn","message":"this is dummy data","timestamp":"2025-04-10 16:51:41"}
{"level":"info","message":"this is dummy message","timestamp":"2025-04-10 16:51:58"}
{"level":"error","message":"this is error message","timestamp":"2025-04-10 16:51:58"}
{"level":"warn","message":"this is dummy data","timestamp":"2025-04-10 16:51:58"}
{"level":"info","message":"this is dummy message","timestamp":"2025-04-10 16:59:57"}
{"level":"error","message":"this is error message","timestamp":"2025-04-10 16:59:57"}
{"level":"warn","message":"this is dummy data","timestamp":"2025-04-10 16:59:57"}
{"level":"info","message":"this is dummy message","timestamp":"2025-04-10 17:02:01"}
{"level":"error","message":"this is error message","timestamp":"2025-04-10 17:02:01"}
{"level":"warn","message":"this is dummy data","timestamp":"2025-04-10 17:02:01"}
{"level":"info","message":"this is dummy message","timestamp":"2025-04-11 09:26:39"}
{"level":"error","message":"this is error message","timestamp":"2025-04-11 09:26:39"}
{"level":"warn","message":"this is dummy data","timestamp":"2025-04-11 09:26:39"}
{"level":"info","message":"this is dummy message","timestamp":"2025-04-11 09:34:04"}
{"level":"error","message":"this is error message","timestamp":"2025-04-11 09:34:04"}
{"level":"warn","message":"this is dummy data","timestamp":"2025-04-11 09:34:04"}
{"level":"info","message":"this is dummy message","timestamp":"2025-04-11 09:34:06"}
{"level":"error","message":"this is error message","timestamp":"2025-04-11 09:34:06"}
{"level":"warn","message":"this is dummy data","timestamp":"2025-04-11 09:34:06"}
{"level":"info","message":"this is dummy message","timestamp":"2025-04-11 09:34:13"}
{"level":"error","message":"this is error message","timestamp":"2025-04-11 09:34:13"}
{"level":"warn","message":"this is dummy data","timestamp":"2025-04-11 09:34:13"}
{"level":"info","message":"this is dummy message","timestamp":"2025-04-11 09:34:19"}
{"level":"error","message":"this is error message","timestamp":"2025-04-11 09:34:19"}
{"level":"warn","message":"this is dummy data","timestamp":"2025-04-11 09:34:19"}
{"level":"info","message":"this is dummy message","timestamp":"2025-04-11 09:34:29"}
{"level":"error","message":"this is error message","timestamp":"2025-04-11 09:34:29"}
{"level":"warn","message":"this is dummy data","timestamp":"2025-04-11 09:34:29"}
{"level":"info","message":"this is dummy message","timestamp":"2025-04-11 09:34:36"}
{"level":"error","message":"this is error message","timestamp":"2025-04-11 09:34:36"}
{"level":"warn","message":"this is dummy data","timestamp":"2025-04-11 09:34:36"}
{"level":"info","message":"this is dummy message","timestamp":"2025-04-11 09:34:42"}
{"level":"error","message":"this is error message","timestamp":"2025-04-11 09:34:42"}
{"level":"warn","message":"this is dummy data","timestamp":"2025-04-11 09:34:42"}
{"level":"info","message":"this is dummy message","timestamp":"2025-04-11 09:50:37"}
{"level":"error","message":"this is error message","timestamp":"2025-04-11 09:50:37"}
{"level":"warn","message":"this is dummy data","timestamp":"2025-04-11 09:50:37"}
{"level":"info","message":"this is dummy message","timestamp":"2025-04-11 09:51:06"}
{"level":"error","message":"this is error message","timestamp":"2025-04-11 09:51:06"}
{"level":"warn","message":"this is dummy data","timestamp":"2025-04-11 09:51:06"}
{"level":"info","message":"this is dummy message","timestamp":"2025-04-11 10:02:17"}
{"level":"error","message":"this is error message","timestamp":"2025-04-11 10:02:17"}
{"level":"warn","message":"this is dummy data","timestamp":"2025-04-11 10:02:17"}
{"level":"info","message":"this is dummy message","timestamp":"2025-04-11 10:02:45"}
{"level":"error","message":"this is error message","timestamp":"2025-04-11 10:02:45"}
{"level":"warn","message":"this is dummy data","timestamp":"2025-04-11 10:02:45"}
{"level":"info","message":"this is dummy message","timestamp":"2025-04-11 10:13:29"}
{"level":"error","message":"this is error message","timestamp":"2025-04-11 10:13:29"}
{"level":"warn","message":"this is dummy data","timestamp":"2025-04-11 10:13:29"}
{"level":"info","message":"this is dummy message","timestamp":"2025-04-11 10:16:18"}
{"level":"error","message":"this is error message","timestamp":"2025-04-11 10:16:18"}
{"level":"warn","message":"this is dummy data","timestamp":"2025-04-11 10:16:18"}
{"level":"info","message":"this is dummy message","timestamp":"2025-04-11 10:17:07"}
{"level":"error","message":"this is error message","timestamp":"2025-04-11 10:17:07"}
{"level":"warn","message":"this is dummy data","timestamp":"2025-04-11 10:17:07"}
{"level":"info","message":"this is dummy message","timestamp":"2025-04-11 10:26:52"}
{"level":"error","message":"this is error message","timestamp":"2025-04-11 10:26:52"}
{"level":"warn","message":"this is dummy data","timestamp":"2025-04-11 10:26:52"}
{"level":"info","message":"this is dummy message","timestamp":"2025-04-11 10:35:11"}
{"level":"error","message":"this is error message","timestamp":"2025-04-11 10:35:11"}
{"level":"warn","message":"this is dummy data","timestamp":"2025-04-11 10:35:11"}
{"level":"info","message":"this is dummy message","timestamp":"2025-04-11 10:36:01"}
{"level":"error","message":"this is error message","timestamp":"2025-04-11 10:36:01"}
{"level":"warn","message":"this is dummy data","timestamp":"2025-04-11 10:36:01"}
{"level":"info","message":"this is dummy message","timestamp":"2025-04-11 10:36:40"}
{"level":"error","message":"this is error message","timestamp":"2025-04-11 10:36:40"}
{"level":"warn","message":"this is dummy data","timestamp":"2025-04-11 10:36:40"}
{"level":"info","message":"this is dummy message","timestamp":"2025-04-11 10:36:54"}
{"level":"error","message":"this is error message","timestamp":"2025-04-11 10:36:54"}
{"level":"warn","message":"this is dummy data","timestamp":"2025-04-11 10:36:54"}
{"level":"info","message":"this is dummy message","timestamp":"2025-04-11 10:37:02"}
{"level":"error","message":"this is error message","timestamp":"2025-04-11 10:37:02"}
{"level":"warn","message":"this is dummy data","timestamp":"2025-04-11 10:37:02"}
{"level":"info","message":"this is dummy message","timestamp":"2025-04-11 11:21:37"}
{"level":"error","message":"this is error message","timestamp":"2025-04-11 11:21:37"}
{"level":"warn","message":"this is dummy data","timestamp":"2025-04-11 11:21:37"}
{"level":"info","message":"this is dummy message","timestamp":"2025-04-11 11:21:42"}
{"level":"error","message":"this is error message","timestamp":"2025-04-11 11:21:42"}
{"level":"warn","message":"this is dummy data","timestamp":"2025-04-11 11:21:42"}
{"level":"info","message":"this is dummy message","timestamp":"2025-04-11 11:23:09"}
{"level":"error","message":"this is error message","timestamp":"2025-04-11 11:23:09"}
{"level":"warn","message":"this is dummy data","timestamp":"2025-04-11 11:23:09"}
{"level":"info","message":"this is dummy message","timestamp":"2025-04-11 11:42:30"}
{"level":"error","message":"this is error message","timestamp":"2025-04-11 11:42:30"}
{"level":"warn","message":"this is dummy data","timestamp":"2025-04-11 11:42:30"}
{"level":"info","message":"this is dummy message","timestamp":"2025-04-11 11:51:28"}
{"level":"error","message":"this is error message","timestamp":"2025-04-11 11:51:28"}
{"level":"warn","message":"this is dummy data","timestamp":"2025-04-11 11:51:28"}
{"level":"info","message":"this is dummy message","timestamp":"2025-04-11 11:52:12"}
{"level":"error","message":"this is error message","timestamp":"2025-04-11 11:52:12"}
{"level":"warn","message":"this is dummy data","timestamp":"2025-04-11 11:52:12"}
{"level":"info","message":"this is dummy message","timestamp":"2025-04-11 11:52:17"}
{"level":"error","message":"this is error message","timestamp":"2025-04-11 11:52:17"}
{"level":"warn","message":"this is dummy data","timestamp":"2025-04-11 11:52:17"}
{"level":"info","message":"this is dummy message","timestamp":"2025-04-11 11:52:38"}
{"level":"error","message":"this is error message","timestamp":"2025-04-11 11:52:38"}
{"level":"warn","message":"this is dummy data","timestamp":"2025-04-11 11:52:38"}
{"level":"info","message":"this is dummy message","timestamp":"2025-04-11 12:00:19"}
{"level":"error","message":"this is error message","timestamp":"2025-04-11 12:00:19"}
{"level":"warn","message":"this is dummy data","timestamp":"2025-04-11 12:00:19"}
{"level":"info","message":"this is dummy message","timestamp":"2025-04-11 12:18:13"}
{"level":"error","message":"this is error message","timestamp":"2025-04-11 12:18:13"}
{"level":"warn","message":"this is dummy data","timestamp":"2025-04-11 12:18:13"}
{"level":"info","message":"this is dummy message","timestamp":"2025-04-11 12:18:54"}
{"level":"error","message":"this is error message","timestamp":"2025-04-11 12:18:54"}
{"level":"warn","message":"this is dummy data","timestamp":"2025-04-11 12:18:54"}
{"level":"info","message":"this is dummy message","timestamp":"2025-04-11 12:22:05"}
{"level":"error","message":"this is error message","timestamp":"2025-04-11 12:22:05"}
{"level":"warn","message":"this is dummy data","timestamp":"2025-04-11 12:22:05"}
{"level":"info","message":"this is dummy message","timestamp":"2025-04-11 12:25:00"}
{"level":"error","message":"this is error message","timestamp":"2025-04-11 12:25:00"}
{"level":"warn","message":"this is dummy data","timestamp":"2025-04-11 12:25:00"}
{"level":"info","message":"this is dummy message","timestamp":"2025-04-11 14:12:40"}
{"level":"error","message":"this is error message","timestamp":"2025-04-11 14:12:40"}
{"level":"warn","message":"this is dummy data","timestamp":"2025-04-11 14:12:40"}
{"level":"info","message":"this is dummy message","timestamp":"2025-04-11 14:13:08"}
{"level":"error","message":"this is error message","timestamp":"2025-04-11 14:13:08"}
{"level":"warn","message":"this is dummy data","timestamp":"2025-04-11 14:13:08"}
{"level":"info","message":"this is dummy message","timestamp":"2025-04-11 14:13:11"}
{"level":"error","message":"this is error message","timestamp":"2025-04-11 14:13:11"}
{"level":"warn","message":"this is dummy data","timestamp":"2025-04-11 14:13:11"}
{"level":"info","message":"this is dummy message","timestamp":"2025-04-11 15:04:57"}
{"level":"error","message":"this is error message","timestamp":"2025-04-11 15:04:57"}
{"level":"warn","message":"this is dummy data","timestamp":"2025-04-11 15:04:57"}
{"level":"info","message":"this is dummy message","timestamp":"2025-04-11 15:12:07"}
{"level":"error","message":"this is error message","timestamp":"2025-04-11 15:12:07"}
{"level":"warn","message":"this is dummy data","timestamp":"2025-04-11 15:12:07"}
